0 info it worked if it ends with ok
1 verbose cli [ 'C:\\Program Files\\nodejs\\node.exe',
1 verbose cli   'C:\\Program Files\\nodejs\\node_modules\\npm\\bin\\npm-cli.js',
1 verbose cli   'start' ]
2 info using npm@3.10.10
3 info using node@v6.11.0
4 verbose run-script [ 'prestart', 'start', 'poststart' ]
5 info lifecycle ramy-eventtus-whatsapp@1.0.0~prestart: ramy-eventtus-whatsapp@1.0.0
6 silly lifecycle ramy-eventtus-whatsapp@1.0.0~prestart: no script for prestart, continuing
7 info lifecycle ramy-eventtus-whatsapp@1.0.0~start: ramy-eventtus-whatsapp@1.0.0
8 verbose lifecycle ramy-eventtus-whatsapp@1.0.0~start: unsafe-perm in lifecycle true
9 verbose lifecycle ramy-eventtus-whatsapp@1.0.0~start: PATH: C:\Program Files\nodejs\node_modules\npm\bin\node-gyp-bin;C:\Users\BI1\Desktop\event\angular2-contacts-demo-master\node_modules\.bin;C:\Users\BI1\bin;C:\Program Files\Git\mingw64\bin;C:\Program Files\Git\usr\local\bin;C:\Program Files\Git\usr\bin;C:\Program Files\Git\usr\bin;C:\Program Files\Git\mingw64\bin;C:\Program Files\Git\usr\bin;C:\Users\BI1\bin;C:\Windows\system32;C:\Windows;C:\Windows\System32\Wbem;C:\Windows\System32\WindowsPowerShell\v1.0;C:\Program Files\Microsoft SQL Server\110\DTS\Binn;C:\Program Files (x86)\Microsoft SQL Server\110\Tools\Binn;C:\Program Files\Microsoft SQL Server\110\Tools\Binn;C:\Program Files (x86)\Microsoft SQL Server\110\Tools\Binn\ManagementStudio;C:\Program Files (x86)\Microsoft Visual Studio 10.0\Common7\IDE\PrivateAssemblies;C:\Program Files (x86)\Microsoft SQL Server\110\DTS\Binn;C:\Program Files (x86)\Microsoft SQL Server\100\Tools\Binn;C:\Program Files\Microsoft SQL Server\100\Tools\Binn;C:\Program Files\Microsoft SQL Server\100\DTS\Binn;C:\Medstreaming\tools\Misc;C:\Medstreaming\tools\offis-3.5.4\bin;C:\Medstreaming\tools\offis-3.6.0\bin;C:\Medstreaming\tools\Offis-patch\bin;C:\Medstreaming\tools\Sysinternals;C:\Medstreaming\tools\UnixUtils\usr\local\wbin;C:\Program Files (x86)\Vtk\Bin;C:\Program Files (x86)\Subversion\bin;C:\Program Files\TortoiseSVN\bin;C:\Windows\system32\config\systemprofile\.dnx\bin;C:\Program Files\Microsoft DNX\Dnvm;C:\Program Files\Microsoft SQL Server\130\Tools\Binn;C:\Program Files (x86)\Skype\Phone;C:\Program Files\OpenVPN\bin;C:\Program Files (x86)\Windows Kits\8.1\Windows Performance Toolkit;C:\Program Files (x86)\Microsoft SQL Server\Client SDK\ODBC\110\Tools\Binn;C:\Program Files\Microsoft SQL Server\Client SDK\ODBC\110\Tools\Binn;C:\Program Files\nodejs;C:\Program Files\Git\cmd;C:\Program Files (x86)\Microsoft VS Code\bin;C:\Users\BI1\AppData\Roaming\npm;C:\Program Files\Docker Toolbox;C:\Program Files\Git\usr\bin\vendor_perl;C:\Program Files\Git\usr\bin\core_perl
10 verbose lifecycle ramy-eventtus-whatsapp@1.0.0~start: CWD: C:\Users\BI1\Desktop\event\angular2-contacts-demo-master
11 silly lifecycle ramy-eventtus-whatsapp@1.0.0~start: Args: [ '/d /s /c', 'npm run server' ]
12 silly lifecycle ramy-eventtus-whatsapp@1.0.0~start: Returned: code: 1  signal: null
13 info lifecycle ramy-eventtus-whatsapp@1.0.0~start: Failed to exec start script
14 verbose stack Error: ramy-eventtus-whatsapp@1.0.0 start: `npm run server`
14 verbose stack Exit status 1
14 verbose stack     at EventEmitter.<anonymous> (C:\Program Files\nodejs\node_modules\npm\lib\utils\lifecycle.js:255:16)
14 verbose stack     at emitTwo (events.js:106:13)
14 verbose stack     at EventEmitter.emit (events.js:191:7)
14 verbose stack     at ChildProcess.<anonymous> (C:\Program Files\nodejs\node_modules\npm\lib\utils\spawn.js:40:14)
14 verbose stack     at emitTwo (events.js:106:13)
14 verbose stack     at ChildProcess.emit (events.js:191:7)
14 verbose stack     at maybeClose (internal/child_process.js:891:16)
14 verbose stack     at Process.ChildProcess._handle.onexit (internal/child_process.js:226:5)
15 verbose pkgid ramy-eventtus-whatsapp@1.0.0
16 verbose cwd C:\Users\BI1\Desktop\event\angular2-contacts-demo-master
17 error Windows_NT 10.0.10586
18 error argv "C:\\Program Files\\nodejs\\node.exe" "C:\\Program Files\\nodejs\\node_modules\\npm\\bin\\npm-cli.js" "start"
19 error node v6.11.0
20 error npm  v3.10.10
21 error code ELIFECYCLE
22 error ramy-eventtus-whatsapp@1.0.0 start: `npm run server`
22 error Exit status 1
23 error Failed at the ramy-eventtus-whatsapp@1.0.0 start script 'npm run server'.
23 error Make sure you have the latest version of node.js and npm installed.
23 error If you do, this is most likely a problem with the ramy-eventtus-whatsapp package,
23 error not with npm itself.
23 error Tell the author that this fails on your system:
23 error     npm run server
23 error You can get information on how to open an issue for this project with:
23 error     npm bugs ramy-eventtus-whatsapp
23 error Or if that isn't available, you can get their info via:
23 error     npm owner ls ramy-eventtus-whatsapp
23 error There is likely additional logging output above.
24 verbose exit [ 1, true ]
